# JRE version: OpenJDK Runtime Environment Microsoft-11369865 (17.0.15+6) (build 17.0.15+6-LTS)
# Java VM: OpenJDK 64-Bit Server VM Microsoft-11369865 (17.0.15+6-LTS, mixed mode, sharing, tiered, compressed oops, compressed class ptrs, g1 gc, windows-amd64)
GC Precious Log:
 CPUs: 16 total, 16 available
 Memory: 15628M
 Large Page Support: Disabled
 NUMA Support: Disabled
 Compressed Oops: Enabled (Zero based)
 Heap Region Size: 2M
 Heap Min Capacity: 8M
 Heap Initial Capacity: 246M
 Heap Max Capacity: 3908M
 Pre-touch: Disabled
 Parallel Workers: 13
 Concurrent Workers: 3
 Concurrent Refinement Workers: 13
 Periodic GC: Disabled
Heap:
 garbage-first heap   total 55296K, used 22784K [0x000000070bc00000, 0x0000000800000000)
  region size 2048K, 9 young (18432K), 3 survivors (6144K)
 Metaspace       used 24556K, committed 24960K, reserved 1114112K
  class space    used 3082K, committed 3264K, reserved 1048576K
GC Heap History (6 events):
Event: 0.915 GC heap before
{Heap before GC invocations=0 (full 0):
 garbage-first heap   total 251904K, used 20480K [0x000000070bc00000, 0x0000000800000000)
  region size 2048K, 11 young (22528K), 0 survivors (0K)
 Metaspace       used 5053K, committed 5312K, reserved 1114112K
  class space    used 525K, committed 640K, reserved 1048576K
}
Event: 0.921 GC heap after
{Heap after GC invocations=1 (full 0):
 garbage-first heap   total 251904K, used 7446K [0x000000070bc00000, 0x0000000800000000)
  region size 2048K, 2 young (4096K), 2 survivors (4096K)
 Metaspace       used 5053K, committed 5312K, reserved 1114112K
  class space    used 525K, committed 640K, reserved 1048576K
}
Event: 1.611 GC heap before
{Heap before GC invocations=1 (full 0):
 garbage-first heap   total 251904K, used 29974K [0x000000070bc00000, 0x0000000800000000)
  region size 2048K, 13 young (26624K), 2 survivors (4096K)
 Metaspace       used 10322K, committed 10624K, reserved 1114112K
  class space    used 1165K, committed 1344K, reserved 1048576K
}
Event: 1.616 GC heap after
{Heap after GC invocations=2 (full 0):
 garbage-first heap   total 251904K, used 8371K [0x000000070bc00000, 0x0000000800000000)
  region size 2048K, 1 young (2048K), 1 survivors (2048K)
 Metaspace       used 10322K, committed 10624K, reserved 1114112K
  class space    used 1165K, committed 1344K, reserved 1048576K
}
Event: 2.936 GC heap before
{Heap before GC invocations=2 (full 0):
 garbage-first heap   total 251904K, used 47283K [0x000000070bc00000, 0x0000000800000000)
  region size 2048K, 21 young (43008K), 1 survivors (2048K)
 Metaspace       used 21142K, committed 21504K, reserved 1114112K
  class space    used 2559K, committed 2752K, reserved 1048576K
}
Event: 2.943 GC heap after
{Heap after GC invocations=3 (full 0):
 garbage-first heap   total 251904K, used 12544K [0x000000070bc00000, 0x0000000800000000)
  region size 2048K, 3 young (6144K), 3 survivors (6144K)
 Metaspace       used 21142K, committed 21504K, reserved 1114112K
  class space    used 2559K, committed 2752K, reserved 1048576K
}

