<?xml version="1.0" encoding="UTF-8"?>
<!-- Generated by org.testng.reporters.JUnitXMLReporter -->
<testsuite ignored="0" hostname="LAPTOP-R5N22Q9E" failures="1" tests="5" name="Surefire test" time="206.049" errors="0" timestamp="2026-04-06T16:01:48 IST">
  <testcase classname="io.cucumber.testng.AbstractTestNGCucumberTests" name="runScenario" time="103.391">
    <failure type="java.lang.AssertionError" message="Login should be successful expected [true] but found [false]">
      <![CDATA[java.lang.AssertionError: Login should be successful expected [true] but found [false]
at stepdefinitions.OutlineLoginSteps.user_should_see_result(OutlineLoginSteps.java:39)
at ✽.user should see "Login Successful"(file:///F:/Capgemini/SeleniumGrid/selenium-grid-demo/src/test/resources/features/OutlineLogin.feature:7)
... Removed 3 stack frames]]>
    </failure>
  </testcase> <!-- runScenario -->
  <testcase classname="io.cucumber.testng.AbstractTestNGCucumberTests" name="runScenario" time="21.168"/>
  <testcase classname="io.cucumber.testng.AbstractTestNGCucumberTests" name="runScenario" time="33.165"/>
  <testcase classname="io.cucumber.testng.AbstractTestNGCucumberTests" name="runScenario" time="10.522"/>
  <testcase classname="io.cucumber.testng.AbstractTestNGCucumberTests" name="runScenario" time="36.692"/>
</testsuite> <!-- Surefire test -->
