<?xml version="1.0" encoding="UTF-8"?>
<testng-results ignored="0" total="5" passed="4" failed="1" skipped="0">
  <reporter-output>
  </reporter-output>
  <suite started-at="2026-04-06T15:58:22 IST" name="Surefire suite" finished-at="2026-04-06T16:01:48 IST" duration-ms="206049">
    <groups>
      <group name="cucumber">
        <method signature="AbstractTestNGCucumberTests.runScenario(io.cucumber.testng.PickleWrapper,io.cucumber.testng.FeatureWrapper)[pri:0, instance:runner.TestRunner@6a400542]" name="runScenario" class="io.cucumber.testng.AbstractTestNGCucumberTests"/>
      </group> <!-- cucumber -->
    </groups>
    <test started-at="2026-04-06T15:58:22 IST" name="Surefire test" finished-at="2026-04-06T16:01:48 IST" duration-ms="206049">
      <class name="runner.TestRunner">
        <test-method is-config="true" signature="setUpClass(org.testng.ITestContext)[pri:0, instance:runner.TestRunner@6a400542]" started-at="2026-04-06T15:58:22 IST" name="setUpClass" finished-at="2026-04-06T15:58:23 IST" duration-ms="955" status="PASS">
          <params>
            <param index="0">
              <value>
                <![CDATA[org.testng.TestRunner@d5e575c]]>
              </value>
            </param>
          </params>
          <reporter-output>
          </reporter-output>
        </test-method> <!-- setUpClass -->
        <test-method signature="runScenario(io.cucumber.testng.PickleWrapper,io.cucumber.testng.FeatureWrapper)[pri:0, instance:runner.TestRunner@6a400542]" started-at="2026-04-06T15:58:23 IST" name="runScenario" description="Runs Cucumber Scenarios" data-provider="scenarios" finished-at="2026-04-06T16:00:06 IST" duration-ms="103391" status="FAIL">
          <params>
            <param index="0">
              <value>
                <![CDATA["Verify login with multiple credentials"]]>
              </value>
            </param>
            <param index="1">
              <value>
                <![CDATA["Login functionality on DemoQA"]]>
              </value>
            </param>
          </params>
          <exception class="java.lang.AssertionError">
            <message>
              <![CDATA[Login should be successful expected [true] but found [false]]]>
            </message>
            <full-stacktrace>
              <![CDATA[java.lang.AssertionError: Login should be successful expected [true] but found [false]
at org.testng.Assert.fail(Assert.java:111)
at org.testng.Assert.failNotEquals(Assert.java:1578)
at org.testng.Assert.assertTrue(Assert.java:57)
at stepdefinitions.OutlineLoginSteps.user_should_see_result(OutlineLoginSteps.java:39)
at ✽.user should see "Login Successful"(file:///F:/Capgemini/SeleniumGrid/selenium-grid-demo/src/test/resources/features/OutlineLogin.feature:7)
]]>
            </full-stacktrace>
          </exception> <!-- java.lang.AssertionError -->
          <reporter-output>
          </reporter-output>
        </test-method> <!-- runScenario -->
        <test-method signature="runScenario(io.cucumber.testng.PickleWrapper,io.cucumber.testng.FeatureWrapper)[pri:0, instance:runner.TestRunner@6a400542]" started-at="2026-04-06T16:00:06 IST" name="runScenario" description="Runs Cucumber Scenarios" data-provider="scenarios" finished-at="2026-04-06T16:00:27 IST" duration-ms="21168" status="PASS">
          <params>
            <param index="0">
              <value>
                <![CDATA["Verify login with multiple credentials"]]>
              </value>
            </param>
            <param index="1">
              <value>
                <![CDATA["Login functionality on DemoQA"]]>
              </value>
            </param>
          </params>
          <reporter-output>
          </reporter-output>
        </test-method> <!-- runScenario -->
        <test-method signature="runScenario(io.cucumber.testng.PickleWrapper,io.cucumber.testng.FeatureWrapper)[pri:0, instance:runner.TestRunner@6a400542]" started-at="2026-04-06T16:00:27 IST" name="runScenario" description="Runs Cucumber Scenarios" data-provider="scenarios" finished-at="2026-04-06T16:01:01 IST" duration-ms="33165" status="PASS">
          <params>
            <param index="0">
              <value>
                <![CDATA["Verify login with multiple credentials"]]>
              </value>
            </param>
            <param index="1">
              <value>
                <![CDATA["Login functionality on DemoQA"]]>
              </value>
            </param>
          </params>
          <reporter-output>
          </reporter-output>
        </test-method> <!-- runScenario -->
        <test-method signature="runScenario(io.cucumber.testng.PickleWrapper,io.cucumber.testng.FeatureWrapper)[pri:0, instance:runner.TestRunner@6a400542]" started-at="2026-04-06T16:01:01 IST" name="runScenario" description="Runs Cucumber Scenarios" data-provider="scenarios" finished-at="2026-04-06T16:01:11 IST" duration-ms="10522" status="PASS">
          <params>
            <param index="0">
              <value>
                <![CDATA["Verify login with multiple credentials"]]>
              </value>
            </param>
            <param index="1">
              <value>
                <![CDATA["Login functionality on DemoQA"]]>
              </value>
            </param>
          </params>
          <reporter-output>
          </reporter-output>
        </test-method> <!-- runScenario -->
        <test-method signature="runScenario(io.cucumber.testng.PickleWrapper,io.cucumber.testng.FeatureWrapper)[pri:0, instance:runner.TestRunner@6a400542]" started-at="2026-04-06T16:01:11 IST" name="runScenario" description="Runs Cucumber Scenarios" data-provider="scenarios" finished-at="2026-04-06T16:01:48 IST" duration-ms="36692" status="PASS">
          <params>
            <param index="0">
              <value>
                <![CDATA["Verify login with multiple credentials"]]>
              </value>
            </param>
            <param index="1">
              <value>
                <![CDATA["Login functionality on DemoQA"]]>
              </value>
            </param>
          </params>
          <reporter-output>
          </reporter-output>
        </test-method> <!-- runScenario -->
        <test-method is-config="true" signature="tearDownClass()[pri:0, instance:runner.TestRunner@6a400542]" started-at="2026-04-06T16:01:48 IST" name="tearDownClass" finished-at="2026-04-06T16:01:48 IST" duration-ms="85" status="PASS">
          <reporter-output>
          </reporter-output>
        </test-method> <!-- tearDownClass -->
      </class> <!-- runner.TestRunner -->
    </test> <!-- Surefire test -->
  </suite> <!-- Surefire suite -->
</testng-results>
