<?xml version="1.0" encoding="UTF-8"?>
<!-- Generated by org.testng.reporters.JUnitReportReporter -->
<testsuite hostname="LAPTOP-R5N22Q9E" failures="1" tests="5" name="runner.TestRunner" time="204.938" errors="0" timestamp="2026-04-06T16:01:48 IST" skipped="0">
  <testcase classname="runner.TestRunner" name="runScenario" time="103.391">
    <failure message="Login should be successful expected [true] but found [false]" type="java.lang.AssertionError">
      <![CDATA[java.lang.AssertionError: Login should be successful expected [true] but found [false]
at org.testng.Assert.fail(Assert.java:111)
at org.testng.Assert.failNotEquals(Assert.java:1578)
at org.testng.Assert.assertTrue(Assert.java:57)
at stepdefinitions.OutlineLoginSteps.user_should_see_result(OutlineLoginSteps.java:39)
at ✽.user should see "Login Successful"(file:///F:/Capgemini/SeleniumGrid/selenium-grid-demo/src/test/resources/features/OutlineLogin.feature:7)
]]>
    </failure>
  </testcase> <!-- runScenario -->
  <testcase classname="runner.TestRunner" name="runScenario" time="33.165"/>
  <testcase classname="runner.TestRunner" name="runScenario" time="36.692"/>
  <testcase classname="runner.TestRunner" name="runScenario" time="21.168"/>
  <testcase classname="runner.TestRunner" name="runScenario" time="10.522"/>
</testsuite> <!-- runner.TestRunner -->
